<?xml version="1.0" encoding="UTF-8"?>
<!-- Generated by org.testng.reporters.JUnitXMLReporter -->
<testsuite ignored="0" hostname="pkrvmccyg1gnepe" failures="0" tests="43" name="ControllerData Utility Tests" time="0.063" errors="0" timestamp="2025-09-02T09:26:11 UTC">
  <testcase classname="com.click4tech.ControllerDataUtilTest" name="testBatteryPercentCalculation" time="0.003"/>
  <testcase classname="com.click4tech.ControllerDataUtilTest" name="testBatteryPercentCalculation" time="0.0"/>
  <testcase classname="com.click4tech.ControllerDataUtilTest" name="testBatteryPercentCalculation" time="0.0"/>
  <testcase classname="com.click4tech.ControllerDataUtilTest" name="testBatteryPercentCalculation" time="0.0"/>
  <testcase classname="com.click4tech.ControllerDataUtilTest" name="testBatteryPercentCalculation" time="0.0"/>
  <testcase classname="com.click4tech.ControllerDataUtilTest" name="testBatteryPercentCalculation" time="0.0"/>
  <testcase classname="com.click4tech.ControllerDataUtilTest" name="testBatteryPercentCalculation" time="0.0"/>
  <testcase classname="com.click4tech.ControllerDataUtilTest" name="testConstants" time="0.0"/>
  <testcase classname="com.click4tech.ControllerDataUtilTest" name="testDateParsing" time="0.0"/>
  <testcase classname="com.click4tech.ControllerDataUtilTest" name="testDateParsing" time="0.0"/>
  <testcase classname="com.click4tech.ControllerDataUtilTest" name="testDateParsing" time="0.001"/>
  <testcase classname="com.click4tech.ControllerDataUtilTest" name="testDateParsing" time="0.0"/>
  <testcase classname="com.click4tech.ControllerDataUtilTest" name="testKilometersPerKnotConstant" time="0.0"/>
  <testcase classname="com.click4tech.ControllerDataUtilTest" name="testLatitudeParsing" time="0.0"/>
  <testcase classname="com.click4tech.ControllerDataUtilTest" name="testLatitudeParsing" time="0.0"/>
  <testcase classname="com.click4tech.ControllerDataUtilTest" name="testLatitudeParsing" time="0.0"/>
  <testcase classname="com.click4tech.ControllerDataUtilTest" name="testLatitudeParsing" time="0.0"/>
  <testcase classname="com.click4tech.ControllerDataUtilTest" name="testLatitudeParsing" time="0.0"/>
  <testcase classname="com.click4tech.ControllerDataUtilTest" name="testLatitudeParsing" time="0.0"/>
  <testcase classname="com.click4tech.ControllerDataUtilTest" name="testLatitudeParsing" time="0.001"/>
  <testcase classname="com.click4tech.ControllerDataUtilTest" name="testLongitudeParsing" time="0.001"/>
  <testcase classname="com.click4tech.ControllerDataUtilTest" name="testLongitudeParsing" time="0.0"/>
  <testcase classname="com.click4tech.ControllerDataUtilTest" name="testLongitudeParsing" time="0.001"/>
  <testcase classname="com.click4tech.ControllerDataUtilTest" name="testLongitudeParsing" time="0.0"/>
  <testcase classname="com.click4tech.ControllerDataUtilTest" name="testLongitudeParsing" time="0.001"/>
  <testcase classname="com.click4tech.ControllerDataUtilTest" name="testLongitudeParsing" time="0.0"/>
  <testcase classname="com.click4tech.ControllerDataUtilTest" name="testLongitudeParsing" time="0.0"/>
  <testcase classname="com.click4tech.ControllerDataUtilTest" name="testStatusCodePrefix" time="0.001"/>
  <testcase classname="com.click4tech.ControllerDataUtilTest" name="testStatusCodePrefix" time="0.0"/>
  <testcase classname="com.click4tech.ControllerDataUtilTest" name="testStatusCodePrefix" time="0.0"/>
  <testcase classname="com.click4tech.ControllerDataUtilTest" name="testStatusCodePrefix" time="0.0"/>
  <testcase classname="com.click4tech.ControllerDataUtilTest" name="testStatusCodePrefix" time="0.0"/>
  <testcase classname="com.click4tech.ControllerDataUtilTest" name="testStatusCodePrefix" time="0.001"/>
  <testcase classname="com.click4tech.ControllerDataUtilTest" name="testStringParsing" time="0.0"/>
  <testcase classname="com.click4tech.ControllerDataUtilTest" name="testStringParsing" time="0.0"/>
  <testcase classname="com.click4tech.ControllerDataUtilTest" name="testStringParsing" time="0.001"/>
  <testcase classname="com.click4tech.ControllerDataUtilTest" name="testStringParsing" time="0.0"/>
  <testcase classname="com.click4tech.ControllerDataUtilTest" name="testStringParsing" time="0.0"/>
  <testcase classname="com.click4tech.ControllerDataUtilTest" name="testTimeParsing" time="0.001"/>
  <testcase classname="com.click4tech.ControllerDataUtilTest" name="testTimeParsing" time="0.0"/>
  <testcase classname="com.click4tech.ControllerDataUtilTest" name="testTimeParsing" time="0.0"/>
  <testcase classname="com.click4tech.ControllerDataUtilTest" name="testTimeParsing" time="0.0"/>
  <testcase classname="com.click4tech.ControllerDataUtilTest" name="testTimeParsing" time="0.0"/>
</testsuite> <!-- ControllerData Utility Tests -->
